/*C3*/SET SCHEMA PUBLIC
drop table Book if exists
drop table Disc if exists
create table Book (ISBN varchar(13) not null, Title varchar(255), Author varchar(255), primary key (ISBN))
create table Disc (Barcode varchar(13) not null, Title varchar(255), Director varchar(255), FSK integer, primary key (Barcode))
INSERT INTO BOOK VALUES('1234567890121','title1','author1')
COMMIT
DELETE FROM BOOK WHERE ISBN='1234567890121'
COMMIT
INSERT INTO BOOK VALUES('1234567890122','title2','author2')
COMMIT
DELETE FROM BOOK WHERE ISBN='1234567890122'
INSERT INTO BOOK VALUES('1234567890122','update','authorUpdate')
COMMIT
INSERT INTO BOOK VALUES('1234567890121','title1','author1')
COMMIT
DELETE FROM BOOK WHERE ISBN='1234567890121'
DELETE FROM BOOK WHERE ISBN='1234567890122'
COMMIT
INSERT INTO BOOK VALUES('1234567890121','title1','author1')
COMMIT
DELETE FROM BOOK WHERE ISBN='1234567890121'
COMMIT
INSERT INTO BOOK VALUES('1234567890121','title1','author1')
COMMIT
